<?xml version="1.0" encoding="UTF-8"?>
<!-- Generated by org.testng.reporters.JUnitXMLReporter -->
<testsuite hostname="DESKTOP-5JOCHJR" ignored="0" name="Command line test" tests="2" failures="0" timestamp="2021-11-27T16:44:17 IST" time="42.065" errors="0">
  <testcase name="the_register_page_url_of_app_is_also_launched" time="15.544" classname="com.homepageydcctestFailed.RegistationFormFailedTest"/>
  <testcase name="runScenario" time="17.55" classname="io.cucumber.testng.AbstractTestNGCucumberTests"/>
</testsuite> <!-- Command line test -->
