<?xml version="1.0" encoding="UTF-8"?>
<!-- Generated by org.testng.reporters.JUnitReportReporter -->
<testsuite skipped="0" hostname="DESKTOP-5JOCHJR" name="ydcc.runner.YdccRunnerMavenTest" tests="1" failures="1" timestamp="2021-11-22T15:16:06 IST" time="17.728" errors="0">
  <testcase name="runScenario" time="17.728" classname="ydcc.runner.YdccRunnerMavenTest">
    <failure type="java.lang.AssertionError" message="expected [YDCC] but found [New User Registration]">
      <![CDATA[java.lang.AssertionError: expected [YDCC] but found [New User Registration]
at org.testng.Assert.fail(Assert.java:99)
at org.testng.Assert.failNotEquals(Assert.java:1037)
at org.testng.Assert.assertEqualsImpl(Assert.java:140)
at org.testng.Assert.assertEquals(Assert.java:122)
at org.testng.Assert.assertEquals(Assert.java:629)
at org.testng.Assert.assertEquals(Assert.java:639)
at com.homepageydcctest.RegistationFormTest.test_case_fail_take_screen_shot(RegistationFormTest.java:81)
at ✽.Test case fail take screen shot(file:///D:/Jsumit/YDCC/src/test/resources/Features/RegisterPage.feature:8)
]]>
    </failure>
  </testcase> <!-- runScenario -->
  <system-out/>
</testsuite> <!-- ydcc.runner.YdccRunnerMavenTest -->
